# JRE version: OpenJDK Runtime Environment (8.0_202-b03) (build 1.8.0_202-release-1483-b03)
# Java VM: OpenJDK 64-Bit Server VM (25.202-b03 mixed mode windows-amd64 compressed oops)
Heap:
 PSYoungGen      total 379904K, used 193592K [0x00000000e0000000, 0x00000000f9c00000, 0x0000000100000000)
  eden space 369664K, 49% used [0x00000000e0000000,0x00000000eb327b28,0x00000000f6900000)
  from space 10240K, 98% used [0x00000000f9200000,0x00000000f9be6578,0x00000000f9c00000)
  to   space 24064K, 0% used [0x00000000f6d00000,0x00000000f6d00000,0x00000000f8480000)
 ParOldGen       total 425984K, used 29920K [0x00000000a0000000, 0x00000000ba000000, 0x00000000e0000000)
  object space 425984K, 7% used [0x00000000a0000000,0x00000000a1d38290,0x00000000ba000000)
 Metaspace       used 74122K, capacity 76770K, committed 77016K, reserved 1116160K
  class space    used 9665K, capacity 10230K, committed 10240K, reserved 1048576K
GC Heap History (10 events):
Event: 14.117 GC heap before
{Heap before GC invocations=7 (full 2):
 PSYoungGen      total 233472K, used 211968K [0x00000000e0000000, 0x00000000f0800000, 0x0000000100000000)
  eden space 211968K, 100% used [0x00000000e0000000,0x00000000ecf00000,0x00000000ecf00000)
  from space 21504K, 0% used [0x00000000ee400000,0x00000000ee400000,0x00000000ef900000)
  to   space 21504K, 0% used [0x00000000ecf00000,0x00000000ecf00000,0x00000000ee400000)
 ParOldGen       total 305152K, used 17075K [0x00000000a0000000, 0x00000000b2a00000, 0x00000000e0000000)
  object space 305152K, 5% used [0x00000000a0000000,0x00000000a10acca8,0x00000000b2a00000)
 Metaspace       used 54048K, capacity 55516K, committed 55896K, reserved 1097728K
  class space    used 7300K, capacity 7683K, committed 7808K, reserved 1048576K
Event: 14.139 GC heap after
Heap after GC invocations=7 (full 2):
 PSYoungGen      total 233472K, used 21490K [0x00000000e0000000, 0x00000000f4a00000, 0x0000000100000000)
  eden space 211968K, 0% used [0x00000000e0000000,0x00000000e0000000,0x00000000ecf00000)
  from space 21504K, 99% used [0x00000000ecf00000,0x00000000ee3fcab0,0x00000000ee400000)
  to   space 23552K, 0% used [0x00000000f3300000,0x00000000f3300000,0x00000000f4a00000)
 ParOldGen       total 305152K, used 21873K [0x00000000a0000000, 0x00000000b2a00000, 0x00000000e0000000)
  object space 305152K, 7% used [0x00000000a0000000,0x00000000a155c558,0x00000000b2a00000)
 Metaspace       used 54048K, capacity 55516K, committed 55896K, reserved 1097728K
  class space    used 7300K, capacity 7683K, committed 7808K, reserved 1048576K
}
Event: 14.570 GC heap before
{Heap before GC invocations=8 (full 2):
 PSYoungGen      total 233472K, used 79291K [0x00000000e0000000, 0x00000000f4a00000, 0x0000000100000000)
  eden space 211968K, 27% used [0x00000000e0000000,0x00000000e3872210,0x00000000ecf00000)
  from space 21504K, 99% used [0x00000000ecf00000,0x00000000ee3fcab0,0x00000000ee400000)
  to   space 23552K, 0% used [0x00000000f3300000,0x00000000f3300000,0x00000000f4a00000)
 ParOldGen       total 305152K, used 21873K [0x00000000a0000000, 0x00000000b2a00000, 0x00000000e0000000)
  object space 305152K, 7% used [0x00000000a0000000,0x00000000a155c558,0x00000000b2a00000)
 Metaspace       used 57048K, capacity 58832K, committed 58968K, reserved 1099776K
  class space    used 7791K, capacity 8221K, committed 8320K, reserved 1048576K
Event: 14.588 GC heap after
Heap after GC invocations=8 (full 2):
 PSYoungGen      total 314880K, used 15947K [0x00000000e0000000, 0x00000000f6300000, 0x0000000100000000)
  eden space 291328K, 0% used [0x00000000e0000000,0x00000000e0000000,0x00000000f1c80000)
  from space 23552K, 67% used [0x00000000f3300000,0x00000000f4292c28,0x00000000f4a00000)
  to   space 23040K, 0% used [0x00000000f1c80000,0x00000000f1c80000,0x00000000f3300000)
 ParOldGen       total 305152K, used 21881K [0x00000000a0000000, 0x00000000b2a00000, 0x00000000e0000000)
  object space 305152K, 7% used [0x00000000a0000000,0x00000000a155e558,0x00000000b2a00000)
 Metaspace       used 57048K, capacity 58832K, committed 58968K, reserved 1099776K
  class space    used 7791K, capacity 8221K, committed 8320K, reserved 1048576K
}
Event: 14.588 GC heap before
{Heap before GC invocations=9 (full 3):
 PSYoungGen      total 314880K, used 15947K [0x00000000e0000000, 0x00000000f6300000, 0x0000000100000000)
  eden space 291328K, 0% used [0x00000000e0000000,0x00000000e0000000,0x00000000f1c80000)
  from space 23552K, 67% used [0x00000000f3300000,0x00000000f4292c28,0x00000000f4a00000)
  to   space 23040K, 0% used [0x00000000f1c80000,0x00000000f1c80000,0x00000000f3300000)
 ParOldGen       total 305152K, used 21881K [0x00000000a0000000, 0x00000000b2a00000, 0x00000000e0000000)
  object space 305152K, 7% used [0x00000000a0000000,0x00000000a155e558,0x00000000b2a00000)
 Metaspace       used 57048K, capacity 58832K, committed 58968K, reserved 1099776K
  class space    used 7791K, capacity 8221K, committed 8320K, reserved 1048576K
Event: 14.814 GC heap after
Heap after GC invocations=9 (full 3):
 PSYoungGen      total 314880K, used 0K [0x00000000e0000000, 0x00000000f6300000, 0x0000000100000000)
  eden space 291328K, 0% used [0x00000000e0000000,0x00000000e0000000,0x00000000f1c80000)
  from space 23552K, 0% used [0x00000000f3300000,0x00000000f3300000,0x00000000f4a00000)
  to   space 23040K, 0% used [0x00000000f1c80000,0x00000000f1c80000,0x00000000f3300000)
 ParOldGen       total 425984K, used 29904K [0x00000000a0000000, 0x00000000ba000000, 0x00000000e0000000)
  object space 425984K, 7% used [0x00000000a0000000,0x00000000a1d34290,0x00000000ba000000)
 Metaspace       used 56961K, capacity 58578K, committed 58968K, reserved 1099776K
  class space    used 7764K, capacity 8174K, committed 8320K, reserved 1048576K
}
Event: 1531.648 GC heap before
{Heap before GC invocations=10 (full 3):
 PSYoungGen      total 314880K, used 291328K [0x00000000e0000000, 0x00000000f6300000, 0x0000000100000000)
  eden space 291328K, 100% used [0x00000000e0000000,0x00000000f1c80000,0x00000000f1c80000)
  from space 23552K, 0% used [0x00000000f3300000,0x00000000f3300000,0x00000000f4a00000)
  to   space 23040K, 0% used [0x00000000f1c80000,0x00000000f1c80000,0x00000000f3300000)
 ParOldGen       total 425984K, used 29904K [0x00000000a0000000, 0x00000000ba000000, 0x00000000e0000000)
  object space 425984K, 7% used [0x00000000a0000000,0x00000000a1d34290,0x00000000ba000000)
 Metaspace       used 65818K, capacity 67894K, committed 68056K, reserved 1107968K
  class space    used 8706K, capacity 9164K, committed 9216K, reserved 1048576K
Event: 1531.677 GC heap after
Heap after GC invocations=10 (full 3):
 PSYoungGen      total 314368K, used 18936K [0x00000000e0000000, 0x00000000fa980000, 0x0000000100000000)
  eden space 291328K, 0% used [0x00000000e0000000,0x00000000e0000000,0x00000000f1c80000)
  from space 23040K, 82% used [0x00000000f1c80000,0x00000000f2efe040,0x00000000f3300000)
  to   space 24064K, 0% used [0x00000000f9200000,0x00000000f9200000,0x00000000fa980000)
 ParOldGen       total 425984K, used 29912K [0x00000000a0000000, 0x00000000ba000000, 0x00000000e0000000)
  object space 425984K, 7% used [0x00000000a0000000,0x00000000a1d36290,0x00000000ba000000)
 Metaspace       used 65818K, capacity 67894K, committed 68056K, reserved 1107968K
  class space    used 8706K, capacity 9164K, committed 9216K, reserved 1048576K
}
Event: 6653.765 GC heap before
{Heap before GC invocations=11 (full 3):
 PSYoungGen      total 314368K, used 310264K [0x00000000e0000000, 0x00000000fa980000, 0x0000000100000000)
  eden space 291328K, 100% used [0x00000000e0000000,0x00000000f1c80000,0x00000000f1c80000)
  from space 23040K, 82% used [0x00000000f1c80000,0x00000000f2efe040,0x00000000f3300000)
  to   space 24064K, 0% used [0x00000000f9200000,0x00000000f9200000,0x00000000fa980000)
 ParOldGen       total 425984K, used 29912K [0x00000000a0000000, 0x00000000ba000000, 0x00000000e0000000)
  object space 425984K, 7% used [0x00000000a0000000,0x00000000a1d36290,0x00000000ba000000)
 Metaspace       used 67838K, capacity 70338K, committed 70616K, reserved 1110016K
  class space    used 8914K, capacity 9422K, committed 9472K, reserved 1048576K
Event: 6653.791 GC heap after
Heap after GC invocations=11 (full 3):
 PSYoungGen      total 379904K, used 10137K [0x00000000e0000000, 0x00000000f9c00000, 0x0000000100000000)
  eden space 369664K, 0% used [0x00000000e0000000,0x00000000e0000000,0x00000000f6900000)
  from space 10240K, 98% used [0x00000000f9200000,0x00000000f9be6578,0x00000000f9c00000)
  to   space 24064K, 0% used [0x00000000f6d00000,0x00000000f6d00000,0x00000000f8480000)
 ParOldGen       total 425984K, used 29920K [0x00000000a0000000, 0x00000000ba000000, 0x00000000e0000000)
  object space 425984K, 7% used [0x00000000a0000000,0x00000000a1d38290,0x00000000ba000000)
 Metaspace       used 67838K, capacity 70338K, committed 70616K, reserved 1110016K
  class space    used 8914K, capacity 9422K, committed 9472K, reserved 1048576K
}

